<?xml version="1.0" encoding="UTF-8"?>
<!-- Generated by org.testng.reporters.JUnitReportReporter -->
<testsuite hostname="Hardcore-PC" failures="0" tests="1" name="tests.ListTest" time="0.082" errors="0" timestamp="2021-01-17T16:16:53 MEZ" skipped="0">
  <testcase classname="tests.ListTest" name="stringTest" time="0.082"/>
  <system-out/>
</testsuite> <!-- tests.ListTest -->
