<?xml version="1.0" encoding="UTF-8"?>
<!-- Generated by org.testng.reporters.JUnitReportReporter -->
<testsuite hostname="Hardcore-PC" failures="0" tests="2" name="uitests.SearchTest" time="1.612" errors="0" timestamp="2021-01-17T17:36:45 MEZ" skipped="0">
  <testcase classname="uitests.SearchTest" name="launchSite" time="1.145"/>
  <system-out/>
  <testcase classname="uitests.SearchTest" name="keywordTest" time="0.467"/>
  <system-out/>
</testsuite> <!-- uitests.SearchTest -->
