<?xml version="1.0" encoding="UTF-8"?>
<!-- Generated by org.testng.reporters.JUnitReportReporter -->
<testsuite hostname="Hardcore-PC" failures="0" tests="1" name="tests.FileTest" time="0.119" errors="0" timestamp="2021-01-17T16:35:14 MEZ" skipped="0">
  <testcase classname="tests.FileTest" name="fileTest" time="0.119"/>
  <system-out/>
</testsuite> <!-- tests.FileTest -->
