<?xml version="1.0" encoding="UTF-8"?>
<!-- Generated by org.testng.reporters.JUnitReportReporter -->
<testsuite hostname="Hardcore-PC" failures="0" tests="2" name="tests.StringTest" time="0.798" errors="0" timestamp="2021-01-17T16:08:35 MEZ" skipped="0">
  <testcase classname="tests.StringTest" name="stringTest" time="0.002"/>
  <system-out/>
  <testcase classname="tests.StringTest" name="stringTest" time="0.796"/>
  <system-out/>
</testsuite> <!-- tests.StringTest -->
